MediaPlayerApp/app/build/intermediates/manifest_merge_blame_file/debug/manifest-merger-blame-debug-report.txt
1<?xml version="1.0" encoding="utf-8"?>
2<manifest xmlns:android="http://schemas.android.com/apk/res/android"
3    package="com.example.mediaplayer"
4    android:versionCode="1"
5    android:versionName="1.0" >
6
7    <uses-sdk
8        android:minSdkVersion="21"
9        android:targetSdkVersion="34" />
10
11    <uses-permission android:name="android.permission.INTERNET" />
11-->src\main\AndroidManifest.xml:5:5-67
11-->src\main\AndroidManifest.xml:5:22-64
12    <uses-permission android:name="android.permission.ACCESS_NETWORK_STATE" />
12-->src\main\AndroidManifest.xml:6:5-79
12-->src\main\AndroidManifest.xml:6:22-76
13    <uses-permission
13-->src\main\AndroidManifest.xml:7:5-107
14        android:name="android.permission.READ_EXTERNAL_STORAGE"
14-->src\main\AndroidManifest.xml:7:22-77
15        android:maxSdkVersion="32" />
15-->src\main\AndroidManifest.xml:7:78-104
16    <uses-permission android:name="android.permission.READ_MEDIA_AUDIO" />
16-->src\main\AndroidManifest.xml:8:5-75
16-->src\main\AndroidManifest.xml:8:22-72
17    <uses-permission android:name="android.permission.READ_MEDIA_VIDEO" />
17-->src\main\AndroidManifest.xml:9:5-75
17-->src\main\AndroidManifest.xml:9:22-72
18
19    <permission
19-->[androidx.core:core:1.9.0] AndroidManifest.xml:22:5-24:47
20        android:name="com.example.mediaplayer.DYNAMIC_RECEIVER_NOT_EXPORTED_PERMISSION"
20-->[androidx.core:core:1.9.0] AndroidManifest.xml:23:9-81
21        android:protectionLevel="signature" />
21-->[androidx.core:core:1.9.0] AndroidManifest.xml:24:9-44
22
23    <uses-permission android:name="com.example.mediaplayer.DYNAMIC_RECEIVER_NOT_EXPORTED_PERMISSION" />
23-->[androidx.core:core:1.9.0] AndroidManifest.xml:26:5-97
23-->[androidx.core:core:1.9.0] AndroidManifest.xml:26:22-94
24
25    <application
25-->src\main\AndroidManifest.xml:11:5-32:19
26        android:allowBackup="true"
26-->src\main\AndroidManifest.xml:12:9-35
27        android:appComponentFactory="androidx.core.app.CoreComponentFactory"
27-->[androidx.core:core:1.9.0] AndroidManifest.xml:28:18-86
28        android:debuggable="true"
29        android:extractNativeLibs="true"
30        android:hardwareAccelerated="true"
30-->src\main\AndroidManifest.xml:19:9-43
31        android:icon="@mipmap/ic_launcher"
31-->src\main\AndroidManifest.xml:14:9-43
32        android:label="Media Player"
32-->src\main\AndroidManifest.xml:13:9-37
33        android:roundIcon="@mipmap/ic_launcher_round"
33-->src\main\AndroidManifest.xml:15:9-54
34        android:supportsRtl="true"
34-->src\main\AndroidManifest.xml:16:9-35
35        android:testOnly="true"
36        android:theme="@style/Theme.MediaPlayer"
36-->src\main\AndroidManifest.xml:17:9-49
37        android:usesCleartextTraffic="true" >
37-->src\main\AndroidManifest.xml:18:9-44
38        <activity
38-->src\main\AndroidManifest.xml:21:9-30:20
39            android:name="com.example.mediaplayer.MainActivity"
39-->src\main\AndroidManifest.xml:22:13-41
40            android:configChanges="orientation|screenSize|layoutDirection"
40-->src\main\AndroidManifest.xml:25:13-75
41            android:exported="true"
41-->src\main\AndroidManifest.xml:23:13-36
42            android:screenOrientation="portrait" >
42-->src\main\AndroidManifest.xml:24:13-49
43            <intent-filter>
43-->src\main\AndroidManifest.xml:26:13-29:29
44                <action android:name="android.intent.action.MAIN" />
44-->src\main\AndroidManifest.xml:27:17-69
44-->src\main\AndroidManifest.xml:27:25-66
45
46                <category android:name="android.intent.category.LAUNCHER" />
46-->src\main\AndroidManifest.xml:28:17-77
46-->src\main\AndroidManifest.xml:28:27-74
47            </intent-filter>
48        </activity>
49
50        <provider
50-->[androidx.emoji2:emoji2:1.2.0] AndroidManifest.xml:24:9-32:20
51            android:name="androidx.startup.InitializationProvider"
51-->[androidx.emoji2:emoji2:1.2.0] AndroidManifest.xml:25:13-67
52            android:authorities="com.example.mediaplayer.androidx-startup"
52-->[androidx.emoji2:emoji2:1.2.0] AndroidManifest.xml:26:13-68
53            android:exported="false" >
53-->[androidx.emoji2:emoji2:1.2.0] AndroidManifest.xml:27:13-37
54            <meta-data
54-->[androidx.emoji2:emoji2:1.2.0] AndroidManifest.xml:29:13-31:52
55                android:name="androidx.emoji2.text.EmojiCompatInitializer"
55-->[androidx.emoji2:emoji2:1.2.0] AndroidManifest.xml:30:17-75
56                android:value="androidx.startup" />
56-->[androidx.emoji2:emoji2:1.2.0] AndroidManifest.xml:31:17-49
57            <meta-data
57-->[androidx.lifecycle:lifecycle-process:2.4.1] AndroidManifest.xml:31:13-33:52
58                android:name="androidx.lifecycle.ProcessLifecycleInitializer"
58-->[androidx.lifecycle:lifecycle-process:2.4.1] AndroidManifest.xml:32:17-78
59                android:value="androidx.startup" />
59-->[androidx.lifecycle:lifecycle-process:2.4.1] AndroidManifest.xml:33:17-49
60        </provider>
61    </application>
62
63</manifest>